1561166141.534143 client started (9563): version 2.9a, socket /private/tmp/tmux-501/default, protocol 8
1561166141.534284 on Darwin 18.6.0 Darwin Kernel Version 18.6.0: Thu Apr 25 23:16:27 PDT 2019; root:xnu-4903.261.4~2/RELEASE_X86_64; libevent 2.1.10-stable (select)
1561166141.534381 socket is /private/tmp/tmux-501/default
1561166141.534428 trying connect
1561166141.534757 add peer 0x104c7f000: 6 (0x0)
1561166141.539224 sending message 100 to peer 0x104c7f000 (4 bytes)
1561166141.539277 sending message 101 to peer 0x104c7f000 (15 bytes)
1561166141.539293 sending message 102 to peer 0x104c7f000 (13 bytes)
1561166141.539305 sending message 108 to peer 0x104c7f000 (25 bytes)
1561166141.539330 sending message 104 to peer 0x104c7f000 (0 bytes)
1561166141.539342 sending message 107 to peer 0x104c7f000 (4 bytes)
1561166141.539354 sending message 105 to peer 0x104c7f000 (28 bytes)
1561166141.539365 sending message 105 to peer 0x104c7f000 (20 bytes)
1561166141.539376 sending message 105 to peer 0x104c7f000 (16 bytes)
1561166141.539387 sending message 105 to peer 0x104c7f000 (57 bytes)
1561166141.539398 sending message 105 to peer 0x104c7f000 (76 bytes)
1561166141.539409 sending message 105 to peer 0x104c7f000 (27 bytes)
1561166141.539420 sending message 105 to peer 0x104c7f000 (53 bytes)
1561166141.539431 sending message 105 to peer 0x104c7f000 (14 bytes)
1561166141.539442 sending message 105 to peer 0x104c7f000 (66 bytes)
1561166141.539453 sending message 105 to peer 0x104c7f000 (42 bytes)
1561166141.539464 sending message 105 to peer 0x104c7f000 (161 bytes)
1561166141.539475 sending message 105 to peer 0x104c7f000 (29 bytes)
1561166141.539486 sending message 105 to peer 0x104c7f000 (17 bytes)
1561166141.539497 sending message 105 to peer 0x104c7f000 (14 bytes)
1561166141.539508 sending message 105 to peer 0x104c7f000 (13 bytes)
1561166141.539519 sending message 105 to peer 0x104c7f000 (19 bytes)
1561166141.539530 sending message 105 to peer 0x104c7f000 (8 bytes)
1561166141.539541 sending message 105 to peer 0x104c7f000 (21 bytes)
1561166141.539552 sending message 105 to peer 0x104c7f000 (17 bytes)
1561166141.539563 sending message 105 to peer 0x104c7f000 (24 bytes)
1561166141.539574 sending message 105 to peer 0x104c7f000 (22 bytes)
1561166141.539585 sending message 106 to peer 0x104c7f000 (0 bytes)
1561166141.539605 sending message 200 to peer 0x104c7f000 (4 bytes)
1561166141.539617 client loop enter
1561166141.540001 peer 0x104c7f000 message 211
1561166141.540024 client_write: sessions should be nested with care, unset $TMUX to force\n
1561166141.540048 peer 0x104c7f000 message 203
1561166141.540062 client loop exit
