1561166146.636090 client started (9586): version 2.9a, socket /private/tmp/tmux-501/default, protocol 8
1561166146.636171 on Darwin 18.6.0 Darwin Kernel Version 18.6.0: Thu Apr 25 23:16:27 PDT 2019; root:xnu-4903.261.4~2/RELEASE_X86_64; libevent 2.1.10-stable (select)
1561166146.636224 socket is /private/tmp/tmux-501/default
1561166146.636253 trying connect
1561166146.636372 connect failed: Connection refused
1561166146.636700 lock file is /private/tmp/tmux-501/default.lock
1561166146.636881 flock succeeded
1561166146.636894 got lock (6)
1561166146.636906 trying connect
1561166146.636996 connect failed: Connection refused
1561166146.637847 add peer 0x10c70f000: 7 (0x0)
1561166146.640852 sending message 100 to peer 0x10c70f000 (4 bytes)
1561166146.640899 sending message 101 to peer 0x10c70f000 (15 bytes)
1561166146.640912 sending message 102 to peer 0x10c70f000 (13 bytes)
1561166146.640922 sending message 108 to peer 0x10c70f000 (25 bytes)
1561166146.640943 sending message 104 to peer 0x10c70f000 (0 bytes)
1561166146.640952 sending message 107 to peer 0x10c70f000 (4 bytes)
1561166146.640961 sending message 105 to peer 0x10c70f000 (28 bytes)
1561166146.640970 sending message 105 to peer 0x10c70f000 (16 bytes)
1561166146.640979 sending message 105 to peer 0x10c70f000 (20 bytes)
1561166146.640988 sending message 105 to peer 0x10c70f000 (57 bytes)
1561166146.640997 sending message 105 to peer 0x10c70f000 (76 bytes)
1561166146.641005 sending message 105 to peer 0x10c70f000 (27 bytes)
1561166146.641014 sending message 105 to peer 0x10c70f000 (53 bytes)
1561166146.641023 sending message 105 to peer 0x10c70f000 (14 bytes)
1561166146.641032 sending message 105 to peer 0x10c70f000 (66 bytes)
1561166146.641041 sending message 105 to peer 0x10c70f000 (137 bytes)
1561166146.641049 sending message 105 to peer 0x10c70f000 (29 bytes)
1561166146.641058 sending message 105 to peer 0x10c70f000 (17 bytes)
1561166146.641067 sending message 105 to peer 0x10c70f000 (14 bytes)
1561166146.641076 sending message 105 to peer 0x10c70f000 (19 bytes)
1561166146.641085 sending message 105 to peer 0x10c70f000 (8 bytes)
1561166146.641093 sending message 105 to peer 0x10c70f000 (21 bytes)
1561166146.641102 sending message 105 to peer 0x10c70f000 (17 bytes)
1561166146.641111 sending message 105 to peer 0x10c70f000 (24 bytes)
1561166146.641119 sending message 105 to peer 0x10c70f000 (23 bytes)
1561166146.641128 sending message 105 to peer 0x10c70f000 (22 bytes)
1561166146.641137 sending message 106 to peer 0x10c70f000 (0 bytes)
1561166146.641149 sending message 200 to peer 0x10c70f000 (4 bytes)
1561166146.641158 client loop enter
1561166146.676950 peer 0x10c70f000 message 207
1561166146.676996 sending message 208 to peer 0x10c70f000 (0 bytes)
1561166207.279030 peer 0x10c70f000 message 203
1561166207.279071 sending message 205 to peer 0x10c70f000 (0 bytes)
1561166207.279379 peer 0x10c70f000 message 204
1561166207.279399 client loop exit
